[0m22:36:47.553004 [debug] [MainThread]: Sending event: {'category': 'dbt', 'action': 'invocation', 'label': 'start', 'context': [<snowplow_tracker.self_describing_json.SelfDescribingJson object at 0x1044a62d0>, <snowplow_tracker.self_describing_json.SelfDescribingJson object at 0x104b5c6e0>, <snowplow_tracker.self_describing_json.SelfDescribingJson object at 0x104b5c290>]}


============================== 22:36:47.571792 | 1a668c20-6212-4e77-a369-bd6a6f006c58 ==============================
[0m22:36:47.571792 [info ] [MainThread]: Running with dbt=1.11.6
[0m22:36:47.572087 [debug] [MainThread]: running dbt with arguments {'warn_error_options': 'WarnErrorOptionsV2(error=[], warn=[], silence=[])', 'log_format': 'default', 'static_parser': 'True', 'use_experimental_parser': 'False', 'debug': 'False', 'write_json': 'True', 'partial_parse': 'True', 'empty': 'None', 'no_print': 'None', 'cache_selected_only': 'False', 'invocation_command': 'dbt init gaia_dbt', 'warn_error': 'None', 'use_colors': 'True', 'target_path': 'None', 'profiles_dir': '/Users/antoinedalle/.dbt', 'introspect': 'True', 'log_path': 'logs', 'printer_width': '80', 'send_anonymous_usage_stats': 'True', 'fail_fast': 'False', 'log_cache_events': 'False', 'indirect_selection': 'eager', 'quiet': 'False', 'version_check': 'True'}
[0m22:36:47.600436 [info ] [MainThread]: Creating dbt configuration folder at /Users/antoinedalle/.dbt
[0m22:36:47.601406 [debug] [MainThread]: Starter project path: /Users/antoinedalle/Library/Caches/pypoetry/virtualenvs/dataharmonisation-agriculture-T78q5YXH-py3.12/lib/python3.12/site-packages/dbt/include/starter_project
[0m22:36:47.605319 [info ] [MainThread]: 
Your new dbt project "gaia_dbt" was created!

For more information on how to configure the profiles.yml file,
please consult the dbt documentation here:

  https://docs.getdbt.com/docs/configure-your-profile

One more thing:

Need help? Don't hesitate to reach out to us via GitHub issues or on Slack:

  https://community.getdbt.com/

Happy modeling!

[0m22:36:47.605502 [info ] [MainThread]: Setting up your profile.
[0m22:40:26.382824 [error] [MainThread]: Encountered an error:

[0m22:40:26.406063 [error] [MainThread]: Traceback (most recent call last):
  File "/Users/antoinedalle/Library/Caches/pypoetry/virtualenvs/dataharmonisation-agriculture-T78q5YXH-py3.12/lib/python3.12/site-packages/dbt/cli/requires.py", line 182, in wrapper
    result, success = func(*args, **kwargs)
                      ^^^^^^^^^^^^^^^^^^^^^
  File "/Users/antoinedalle/Library/Caches/pypoetry/virtualenvs/dataharmonisation-agriculture-T78q5YXH-py3.12/lib/python3.12/site-packages/dbt/cli/requires.py", line 128, in wrapper
    return func(*args, **kwargs)
           ^^^^^^^^^^^^^^^^^^^^^
  File "/Users/antoinedalle/Library/Caches/pypoetry/virtualenvs/dataharmonisation-agriculture-T78q5YXH-py3.12/lib/python3.12/site-packages/dbt/cli/main.py", line 483, in init
    results = task.run()
              ^^^^^^^^^^
  File "/Users/antoinedalle/Library/Caches/pypoetry/virtualenvs/dataharmonisation-agriculture-T78q5YXH-py3.12/lib/python3.12/site-packages/dbt/task/init.py", line 346, in run
    self.setup_profile(profile_name)
  File "/Users/antoinedalle/Library/Caches/pypoetry/virtualenvs/dataharmonisation-agriculture-T78q5YXH-py3.12/lib/python3.12/site-packages/dbt/task/init.py", line 261, in setup_profile
    adapter = self.ask_for_adapter_choice()
              ^^^^^^^^^^^^^^^^^^^^^^^^^^^^^
  File "/Users/antoinedalle/Library/Caches/pypoetry/virtualenvs/dataharmonisation-agriculture-T78q5YXH-py3.12/lib/python3.12/site-packages/dbt/task/init.py", line 242, in ask_for_adapter_choice
    numeric_choice = click.prompt(prompt_msg, type=click.INT)
                     ^^^^^^^^^^^^^^^^^^^^^^^^^^^^^^^^^^^^^^^^
  File "/Users/antoinedalle/Library/Caches/pypoetry/virtualenvs/dataharmonisation-agriculture-T78q5YXH-py3.12/lib/python3.12/site-packages/click/termui.py", line 171, in prompt
    value = prompt_func(prompt)
            ^^^^^^^^^^^^^^^^^^^
  File "/Users/antoinedalle/Library/Caches/pypoetry/virtualenvs/dataharmonisation-agriculture-T78q5YXH-py3.12/lib/python3.12/site-packages/click/termui.py", line 154, in prompt_func
    raise Abort() from None
click.exceptions.Abort

[0m22:40:26.411934 [debug] [MainThread]: Resource report: {"command_name": "init", "command_success": false, "command_wall_clock_time": 218.89514, "process_in_blocks": "0", "process_kernel_time": 0.180432, "process_mem_max_rss": "127418368", "process_out_blocks": "0", "process_user_time": 0.762459}
[0m22:40:26.412997 [debug] [MainThread]: Command `dbt init` failed at 22:40:26.412840 after 218.90 seconds
[0m22:40:26.414360 [debug] [MainThread]: Sending event: {'category': 'dbt', 'action': 'invocation', 'label': 'end', 'context': [<snowplow_tracker.self_describing_json.SelfDescribingJson object at 0x1041d0b00>, <snowplow_tracker.self_describing_json.SelfDescribingJson object at 0x1047308c0>, <snowplow_tracker.self_describing_json.SelfDescribingJson object at 0x104b5c620>]}
[0m22:40:26.415363 [debug] [MainThread]: Flushing usage events
[0m22:40:27.391699 [debug] [MainThread]: An error was encountered while trying to flush usage events
